[debug] [2023-10-21T10:18:49.529Z] ----------------------------------------------------------------------
[debug] [2023-10-21T10:18:49.531Z] Command:       C:\Program Files\nodejs\node.exe C:\Users\ASUS\AppData\Roaming\npm\node_modules\firebase-tools\lib\bin\firebase.js init
[debug] [2023-10-21T10:18:49.532Z] CLI Version:   12.7.0
[debug] [2023-10-21T10:18:49.532Z] Platform:      win32
[debug] [2023-10-21T10:18:49.532Z] Node Version:  v20.5.0
[debug] [2023-10-21T10:18:49.532Z] Time:          Sat Oct 21 2023 16:18:49 GMT+0600 (Bangladesh Standard Time)
[debug] [2023-10-21T10:18:49.532Z] ----------------------------------------------------------------------
[debug] 
[debug] [2023-10-21T10:18:49.541Z] > command requires scopes: ["email","openid","https://www.googleapis.com/auth/cloudplatformprojects.readonly","https://www.googleapis.com/auth/firebase","https://www.googleapis.com/auth/cloud-platform"]
[debug] [2023-10-21T10:18:49.541Z] > authorizing via signed-in user (c201011@ugrad.iiuc.ac.bd)
[info] 
     ######## #### ########  ######## ########     ###     ######  ########
     ##        ##  ##     ## ##       ##     ##  ##   ##  ##       ##
     ######    ##  ########  ######   ########  #########  ######  ######
     ##        ##  ##    ##  ##       ##     ## ##     ##       ## ##
     ##       #### ##     ## ######## ########  ##     ##  ######  ########

You're about to initialize a Firebase project in this directory:

  E:\Projects\best-buddy-server

[info] 
=== Project Setup
[info] 
[info] First, let's associate this project directory with a Firebase project.
[info] You can create multiple project aliases by running firebase use --add, 
[info] but for now we'll just set up a default project.
[info] 
